<testsuites id="" name="" tests="8" failures="0" skipped="6" errors="0" time="69.922769">
<testsuite name="DemoProductVerificationTest.spec.ts" timestamp="2025-02-28T02:25:04.729Z" hostname="chromium" tests="8" failures="0" skipped="6" time="68.936" errors="0">
<testcase name="Demo Product Verification Test Suite › https://the-internet.herokuapp.com/" classname="DemoProductVerificationTest.spec.ts" time="4.05">
<system-out>
<![CDATA[
[[ATTACHMENT|test-results/DemoProductVerificationTes-b9c62-the-internet-herokuapp-com--chromium/video.webm]]

[[ATTACHMENT|test-results/DemoProductVerificationTes-b9c62-the-internet-herokuapp-com--chromium/trace.zip]]
]]>
</system-out>
</testcase>
<testcase name="Demo Product Verification Test Suite › https://the-internet.herokuapp.com/ iframe + window" classname="DemoProductVerificationTest.spec.ts" time="3.78">
<system-out>
<![CDATA[
[[ATTACHMENT|test-results/DemoProductVerificationTes-5d4b1-herokuapp-com-iframe-window-chromium/video-1.webm]]

[[ATTACHMENT|test-results/DemoProductVerificationTes-5d4b1-herokuapp-com-iframe-window-chromium/video.webm]]

[[ATTACHMENT|test-results/DemoProductVerificationTes-5d4b1-herokuapp-com-iframe-window-chromium/trace.zip]]
]]>
</system-out>
</testcase>
<testcase name="Demo Product Verification Test Suite › https://the-internet.herokuapp.com/ alerts" classname="DemoProductVerificationTest.spec.ts" time="61.106">
<skipped>
</skipped>
</testcase>
<testcase name="Demo Product Verification Test Suite › https://the-internet.herokuapp.com/ Download" classname="DemoProductVerificationTest.spec.ts" time="0">
<properties>
<property name="skip" value="">
</property>
</properties>
<skipped>
</skipped>
</testcase>
<testcase name="Demo Product Verification Test Suite › Datepicker" classname="DemoProductVerificationTest.spec.ts" time="0">
<properties>
<property name="skip" value="">
</property>
</properties>
<skipped>
</skipped>
</testcase>
<testcase name="Demo Product Verification Test Suite › page has more than 20 images" classname="DemoProductVerificationTest.spec.ts" time="0">
<skipped>
</skipped>
</testcase>
<testcase name="Demo Product Verification Test Suite › zerostep demo" classname="DemoProductVerificationTest.spec.ts" time="0">
<skipped>
</skipped>
</testcase>
<testcase name="Demo Product Verification Test Suite › https://the-internet.herokuapp.com/ Download AI" classname="DemoProductVerificationTest.spec.ts" time="0">
<skipped>
</skipped>
</testcase>
</testsuite>
</testsuites>